C251 COMPILER V5.60.0,  isr                                                                27/12/23  12:51:18  PAGE 1   


C251 COMPILER V5.60.0, COMPILATION OF MODULE isr
OBJECT MODULE PLACED IN .\Out_File\isr.obj
COMPILER INVOKED BY: C:\keil MCK\C251\BIN\C251.EXE ..\USER\src\isr.c XSMALL INTR2 WARNINGLEVEL(3) OPTIMIZE(0,SPEED) BROW
                    -SE INCDIR(..\..\Libraries\libraries;..\..\Libraries\seekfree_libraries;..\..\Libraries\seekfree_peripheral;..\CODE;..\US
                    -ER\inc;..\USER\src) DEBUG PRINT(.\Out_File\isr.lst) TABS(2) OBJECT(.\Out_File\isr.obj) 

stmt  level    source

    1          ///******************************************************************************************************
             -***************
    2          // * COPYRIGHT NOTICE
    3          // * Copyright (c) 2020,逐飞科技
    4          // * All rights reserved.
    5          // * 技术讨论QQ群：一群：179029047(已满)  二群：244861897(已满)  三群：824575535
    6          // *
    7          // * 以下所有内容版权均属逐飞科技所有，未经允许不得用于商业用途，
    8          // * 欢迎各位使用并传播本程序，修改内容时必须保留逐飞科技的版权声明。
    9          // *
   10          // * @file          isr
   11          // * @company       成都逐飞科技有限公司
   12          // * @author        逐飞科技(QQ790875685)
   13          // * @version       查看doc内version文件 版本说明
   14          // * @Software      MDK FOR C251 V5.60
   15          // * @Target core   STC32G12K128
   16          // * @Taobao        https://seekfree.taobao.com/
   17          // * @date          2020-4-14
   18          // ******************************************************************************************************
             -**************/
   19          #include "headfile.h"
   20          #include "key.h"
   21          #include "pid_control.h"
   22          #include "flash.h"
   23          #include "pwm_control.h"
   24          #include "encoder.h"
   25          #include "oled_menu.h"
   26          #include "gyro.h"
   27          #define gyro_motion    (on_off_motion[0])
   28          
   29          int8 key_encoder_count=0;
   30          uint8 key_count=0;
   31          //UART1中断
   32          void UART1_Isr() interrupt 4
   33          {
   34   1          uint8 res;
   35   1        static uint8 dwon_count;
   36   1          if(UART1_GET_TX_FLAG)
   37   1          {
   38   2              UART1_CLEAR_TX_FLAG;
   39   2              busy[1] = 0;
   40   2          }
   41   1          if(UART1_GET_RX_FLAG)
   42   1          {
   43   2              UART1_CLEAR_RX_FLAG;
   44   2              res = SBUF;
   45   2              //程序自动下载
   46   2              if(res == 0x7F)
   47   2              {
   48   3                  if(dwon_count++ > 20)
   49   3                      IAP_CONTR = 0x60;
   50   3              }
   51   2              else
   52   2              {
   53   3                  dwon_count = 0;
   54   3              }
   55   2          }
C251 COMPILER V5.60.0,  isr                                                                27/12/23  12:51:18  PAGE 2   

   56   1      }
   57          
   58          //UART2中断
   59          void UART2_Isr() interrupt 8
   60          {
   61   1          if(UART2_GET_TX_FLAG)
   62   1        {
   63   2              UART2_CLEAR_TX_FLAG;
   64   2          busy[2] = 0;
   65   2        }
   66   1          if(UART2_GET_RX_FLAG)
   67   1        {
   68   2              UART2_CLEAR_RX_FLAG;
   69   2          //接收数据寄存器为：S2BUF
   70   2      
   71   2        }
   72   1      }
   73          
   74          
   75          //UART3中断
   76          void UART3_Isr() interrupt 17
   77          {
   78   1          if(UART3_GET_TX_FLAG)
   79   1        {
   80   2              UART3_CLEAR_TX_FLAG;
   81   2          busy[3] = 0;
   82   2        }
   83   1          if(UART3_GET_RX_FLAG)
   84   1        {
   85   2              UART3_CLEAR_RX_FLAG;
   86   2          //接收数据寄存器为：S3BUF
   87   2      
   88   2        }
   89   1      }
   90          
   91          
   92          //UART4中断
   93          void UART4_Isr() interrupt 18
   94          {
   95   1          if(UART4_GET_TX_FLAG)
   96   1        {
   97   2              UART4_CLEAR_TX_FLAG;
   98   2          busy[4] = 0;
   99   2        }
  100   1          if(UART4_GET_RX_FLAG)
  101   1        {
  102   2              UART4_CLEAR_RX_FLAG;
  103   2      
  104   2          //接收数据寄存器为：S4BUF;
  105   2          if(wireless_type == WIRELESS_SI24R1)
  106   2              {
  107   3                  wireless_uart_callback();           //无线转串口回调函数
  108   3              }
  109   2      //        else if(wireless_type == WIRELESS_CH9141)
  110   2      //        {
  111   2      //            bluetooth_ch9141_uart_callback();   //蓝牙转串口回调函数
  112   2      //        }
  113   2      ////        else if(wireless_type == WIRELESS_CH573)
  114   2      ////        {
  115   2      ////            wireless_ch573_callback();          //CH573无线模块回调函数
  116   2      ////        }
  117   2        }
  118   1      }
  119          
  120          #define LED P52
  121          void INT0_Isr() interrupt 0
C251 COMPILER V5.60.0,  isr                                                                27/12/23  12:51:18  PAGE 3   

  122          {
  123   1        LED = 0;  //点亮LED
  124   1      }
  125          void INT1_Isr() interrupt 2
  126          {
  127   1      
  128   1      }
  129          void INT2_Isr() interrupt 10
  130          {
  131   1        INT2_CLEAR_FLAG;  //清除中断标志
  132   1      }
  133          void INT3_Isr() interrupt 11
  134          {
  135   1        INT3_CLEAR_FLAG;  //清除中断标志
  136   1      }
  137          
  138          void INT4_Isr() interrupt 16
  139          {
  140   1        INT4_CLEAR_FLAG;  //清除中断标志
  141   1      }
  142          
  143          void TM0_Isr() interrupt 1
  144          {
  145   1      
  146   1      }
  147          void TM1_Isr() interrupt 3
  148          {
  149   1      
  150   1      }
  151          void TM2_Isr() interrupt 12
  152          {
  153   1        TIM2_CLEAR_FLAG;  //清除中断标志
  154   1        //key_scanner();
  155   1        
  156   1      }
  157          void TM3_Isr() interrupt 19
  158          {
  159   1        TIM3_CLEAR_FLAG; //清除中断标志
  160   1        //key_scanner();
  161   1        //编码器读取数值
  162   1        //encoder_handle();     
  163   1      
  164   1        //陀螺仪测试
  165   1      //  gyro_acc_filter();
  166   1      //  AngleGet();  //带oled的test
  167   1        
  168   1        err_get();
  169   1      
  170   1        //跑车处理
  171   1        factor_judgement();
  172   1          car_run();
  173   1          if(start_flag==1)
  174   1          protection();
  175   1        pwm_control();
  176   1        encoder_spd_get();
  177   1        // 陀螺仪 
  178   1      //    gyro_get();
  179   1      //    if((int32)gyro_motion%2==0)   //开环岛就开陀螺仪
  180   1      //  {
  181   1      //      gyro_get();
  182   1      //  } 
  183   1          
  184   1        
  185   1        
  186   1        //电感处理
  187   1        adc_get_mid();
C251 COMPILER V5.60.0,  isr                                                                27/12/23  12:51:18  PAGE 4   

  188   1      
  189   1          
  190   1      //  
  191   1      
  192   1        
  193   1        
  194   1      }
  195          
  196          void TM4_Isr() interrupt 20
  197          {
  198   1        TIM4_CLEAR_FLAG; //清除中断标志
  199   1        key_count++;
  200   1        if(key_count==2)
  201   1        {
  202   2          key_count=0;
  203   2          key_scanner();
  204   2        }
  205   1      
  206   1      //  ccd_collect();   //CCD采集数据
  207   1      }
  208          
  209          //void  INT0_Isr()  interrupt 0;
  210          //void  TM0_Isr()   interrupt 1;
  211          //void  INT1_Isr()  interrupt 2;
  212          //void  TM1_Isr()   interrupt 3;
  213          //void  UART1_Isr() interrupt 4;
  214          //void  ADC_Isr()   interrupt 5;
  215          //void  LVD_Isr()   interrupt 6;
  216          //void  PCA_Isr()   interrupt 7;
  217          //void  UART2_Isr() interrupt 8;
  218          //void  SPI_Isr()   interrupt 9;
  219          //void  INT2_Isr()  interrupt 10;
  220          //void  INT3_Isr()  interrupt 11;
  221          //void  TM2_Isr()   interrupt 12;
  222          //void  INT4_Isr()  interrupt 16;
  223          //void  UART3_Isr() interrupt 17;
  224          //void  UART4_Isr() interrupt 18;
  225          //void  TM3_Isr()   interrupt 19;
  226          //void  TM4_Isr()   interrupt 20;
  227          //void  CMP_Isr()   interrupt 21;
  228          //void  I2C_Isr()   interrupt 24;
  229          //void  USB_Isr()   interrupt 25;
  230          //void  PWM1_Isr()  interrupt 26;
  231          //void  PWM2_Isr()  interrupt 27;


Module Information          Static   Overlayable
------------------------------------------------
  code size            =       452     ------
  ecode size           =    ------     ------
  data size            =    ------     ------
  idata size           =    ------     ------
  pdata size           =    ------     ------
  xdata size           =    ------     ------
  xdata-const size     =    ------     ------
  edata size           =         8     ------
  bit size             =    ------     ------
  ebit size            =    ------     ------
  bitaddressable size  =    ------     ------
  ebitaddressable size =    ------     ------
  far data size        =    ------     ------
  huge data size       =    ------     ------
  const size           =    ------     ------
  hconst size          =        10     ------
End of Module Information.


C251 COMPILATION COMPLETE.  0 WARNING(S),  0 ERROR(S)
