C251 COMPILER V5.60.0,  main                                                               27/12/23  12:51:17  PAGE 1   


C251 COMPILER V5.60.0, COMPILATION OF MODULE main
OBJECT MODULE PLACED IN .\Out_File\main.obj
COMPILER INVOKED BY: C:\keil MCK\C251\BIN\C251.EXE ..\USER\src\main.c XSMALL INTR2 WARNINGLEVEL(3) OPTIMIZE(0,SPEED) BRO
                    -WSE INCDIR(..\..\Libraries\libraries;..\..\Libraries\seekfree_libraries;..\..\Libraries\seekfree_peripheral;..\CODE;..\U
                    -SER\inc;..\USER\src) DEBUG PRINT(.\Out_File\main.lst) TABS(2) OBJECT(.\Out_File\main.obj) 

stmt  level    source

    1          /********************************************************************************************************
             -*************
    2           * COPYRIGHT NOTICE
    3           * Copyright (c) 2020,逐飞科技
    4           * All rights reserved.
    5           * 技术讨论QQ群：一群：179029047(已满)  二群：244861897(已满)  三群：824575535
    6           *
    7           * 以下所有内容版权均属逐飞科技所有，未经允许不得用于商业用途，
    8           * 欢迎各位使用并传播本程序，修改内容时必须保留逐飞科技的版权声明。
    9           *
   10           * @file          main
   11           * @company       成都逐飞科技有限公司
   12           * @author        逐飞科技(QQ790875685)
   13           * @version       查看doc内version文件 版本说明
   14           * @Software    MDK FOR C251 V5.60
   15           * @Target core   STC32G12K128
   16           * @Taobao      https://seekfree.taobao.com/
   17           * @date          2020-12-18
   18           ********************************************************************************************************
             -************/
   19          
   20          #include "headfile.h"
   21          #include "oled_menu.h"
   22          #include "key.h"
   23          #include "flash.h"
   24          #include "pwm_control.h"
   25          #include "encoder.h"
   26          #include "pid_control.h"
   27          #include "oled_menu.h"
   28          #include "gyro.h"
   29          #include "fuzzy_control.h"
   30          
   31          
   32          
   33          /*
   34           * 系统频率，可查看board.h中的 FOSC 宏定义修改。
   35           * board.h文件中FOSC的值设置为0,则程序自动设置系统频率为33.1776MHZ
   36           * 在board_init中,已经将P54引脚设置为复位
   37           * 如果需要使用P54引脚,可以在board.c文件中的board_init()函数中删除SET_P54_RESRT即可
   38           */
   39          
   40          
   41          
   42          
   43          void main()
   44          {
   45   1        board_init();     // 初始化寄存器,勿删除此句代码。
   46   1        ctimer_count_init(SPEEDL_PLUSE);  //初始化定时器0作为外部计数
   47   1        ctimer_count_init(SPEEDR_PLUSE);  //初始化定时器1作为外部计数
   48   1        iap_init();
   49   1        //NVIC_SetPriority(UART1_IRQn, 3);   //把中断定为最高优先级
   50   1        oled_init();
   51   1        my_pwm_init();
   52   1        my_adc_init();
   53   1        //uart_init(UART_1, UART1_RX_P36, UART1_TX_P37, 115200, TIM_2);
   54   1        key_init(10);
   55   1        volt=adc_once(ADC_P14,ADC_10BIT)/80.47;
C251 COMPILER V5.60.0,  main                                                               27/12/23  12:51:17  PAGE 2   

   56   1        ele_init();
   57   1          P72=0;
   58   1        //Kalman_Init();
   59   1            //卡尔曼滤波参数初始化
   60   1        //P72=0;
   61   1      //  while(imu963ra_init())        //六轴陀螺仪初始化
   62   1      //  {
   63   1      //    delay_ms(500);
   64   1      //  }
   65   1      
   66   1      //  get_gyro_err();
   67   1        
   68   1        //flash_number_init();
   69   1        //flash_write();
   70   1        flash_read();        //读取flash的值
   71   1        fuzzy_init();
   72   1        pit_timer_ms(TIM_3, 5);   //用定时器3进行电感检测和编码器检测和pwm赋值
   73   1        pit_timer_ms(TIM_4, 5);    //按键检测
   74   1      
   75   1        
   76   1        // 此处编写用户代码(例如：外设初始化代码等)
   77   1          while(1)
   78   1        {
   79   2          //oled_p6x8str(64,4,"Running");
   80   2          
   81   2      //    if(start_flag==0) //按键按下时刷新菜单，不按时刷新电感值
   82   2      //    {
   83   2          
   84   2            oled_menu();
   85   2      
   86   2          //    }
   87   2      //    else
   88   2      //      oled_clear();
   89   2          
   90   2        
   91   2          //传感版测试
   92   2          
   93   2      //    adc_test_oled();
   94   2      //    delay_ms(80);
   95   2      //    oled_clear();
   96   2      //    adc_test();
   97   2      
   98   2          //gyro测试
   99   2          //oled_gyro_test();
  100   2          
  101   2      
  102   2      
  103   2          
  104   2          
  105   2      
  106   2          
  107   2        }
  108   1      }
  109          


Module Information          Static   Overlayable
------------------------------------------------
  code size            =       106     ------
  ecode size           =    ------     ------
  data size            =    ------     ------
  idata size           =    ------     ------
  pdata size           =    ------     ------
  xdata size           =    ------     ------
  xdata-const size     =    ------     ------
  edata size           =         4     ------
  bit size             =    ------     ------
C251 COMPILER V5.60.0,  main                                                               27/12/23  12:51:17  PAGE 3   

  ebit size            =    ------     ------
  bitaddressable size  =    ------     ------
  ebitaddressable size =    ------     ------
  far data size        =    ------     ------
  huge data size       =    ------     ------
  const size           =    ------     ------
  hconst size          =    ------     ------
End of Module Information.


C251 COMPILATION COMPLETE.  0 WARNING(S),  0 ERROR(S)
