C251 COMPILER V5.60.0,  SEEKFREE_IMU660RA                                                  04/12/23  16:30:44  PAGE 1   


C251 COMPILER V5.60.0, COMPILATION OF MODULE SEEKFREE_IMU660RA
OBJECT MODULE PLACED IN .\Out_File\SEEKFREE_IMU660RA.obj
COMPILER INVOKED BY: C:\keil MCK\C251\BIN\C251.EXE ..\..\..\STC32G12K128_Library-master\Example\Libraries\seekfree_perip
                    -heral\SEEKFREE_IMU660RA.c XSMALL INTR2 WARNINGLEVEL(3) OPTIMIZE(0,SPEED) BROWSE INCDIR(..\..\Libraries\libraries;..\..\L
                    -ibraries\seekfree_libraries;..\..\Libraries\seekfree_peripheral;..\CODE;..\USER\inc;..\USER\src) DEBUG PRINT(.\Out_File\
                    -SEEKFREE_IMU660RA.lst) TABS(2) OBJECT(.\Out_File\SEEKFREE_IMU660RA.obj) 

stmt  level    source

    1          /********************************************************************************************************
             -*************
    2           * COPYRIGHT NOTICE
    3           * Copyright (c) 2018,é€é£ç§‘æŠ€
    4           * All rights reserved.
    5           * æŠ€æœ¯è®¨è®ºQQç¾¤ï¼šä¸€ç¾¤ï¼š179029047(å·²æ»¡)  äºŒç¾¤ï¼š244861897
    6           *
    7           * ä»¥ä¸‹æ‰€æœ‰å†…å®¹ç‰ˆæƒå‡å±é€é£ç§‘æŠ€æ‰€æœ‰ï¼Œæœªç»å…è®¸ä¸å¾—ç”¨äºå•†ä¸šç”¨é€”ï¼Œ
    8           * æ¬¢è¿å„ä½ä½¿ç”¨å¹¶ä¼ æ’­æœ¬ç¨‹åºï¼Œä¿®æ”¹å†…å®¹æ—¶å¿…é¡»ä¿ç•™é€é£ç§‘æŠ€çš„ç‰ˆæƒå£°æ˜ã€‚
    9           *
   10           * @file          IMU660RA
   11           * @company       æˆéƒ½é€é£ç§‘æŠ€æœ‰é™å…¬å¸
   12           * @author        é€é£ç§‘æŠ€(QQ3184284598)
   13           * @version       æŸ¥çœ‹docå†…versionæ–‡ä»¶ ç‰ˆæœ¬è¯´æ˜
   14           * @Software    MDK FOR C251 V5.60
   15           * @Target core   STC32G12K128
   16           * @Taobao      https://seekfree.taobao.com/
   17           * @date          2019-04-30
   18           * @note    
   19           * æ¥çº¿å®šä¹‰ï¼š
   20           *                   ------------------------------------
   21           *                   æ¨¡å—ç®¡è„š            å•ç‰‡æœºç®¡è„š
   22           *                   // ç¡¬ä»¶ SPI å¼•è„š
   23           *                   SCL/SPC           æŸ¥çœ‹ SEEKFREE_IMU660RA.h ä¸­ IMU660RA_SPC_PIN å®å®šä¹‰
   24           *                   SDA/DSI           æŸ¥çœ‹ SEEKFREE_IMU660RA.h ä¸­ IMU660RA_SDI_PIN å®å®šä¹‰
   25           *                   SA0/SDO           æŸ¥çœ‹ SEEKFREE_IMU660RA.h ä¸­ IMU660RA_SDO_PIN å®å®šä¹‰
   26           *                   CS                æŸ¥çœ‹ SEEKFREE_IMU660RA.h ä¸­ IMU660RA_CS_PIN å®å®šä¹‰
   27           *                   VCC               3.3Vç”µæº
   28           *                   GND               ç”µæºåœ°
   29           *                   å…¶ä½™å¼•è„šæ‚¬ç©º
   30           *
   31           *                   // è½¯ä»¶ IIC å¼•è„š
   32           *                   SCL/SPC           æŸ¥çœ‹ SEEKFREE_IMU660RA.h ä¸­ IMU660RA_SCL_PIN å®å®šä¹‰
   33           *                   SDA/DSI           æŸ¥çœ‹ SEEKFREE_IMU660RA.h ä¸­ IMU660RA_SDA_PIN å®å®šä¹‰
   34           *                   VCC               3.3Vç”µæº
   35           *                   GND               ç”µæºåœ°
   36           *                   å…¶ä½™å¼•è„šæ‚¬ç©º
   37           *                   ------------------------------------
   38          *********************************************************************************************************
             -***********/
   39          
   40          #include "SEEKFREE_IMU660RA.h"
   41          
   42          #include "SEEKFREE_CONFIG.h"
   43          
   44          #include "zf_delay.h"
   45          #include "zf_spi.h"
   46          
   47          
   48          #pragma warning disable = 177
   49          #pragma warning disable = 183
   50          
   51          
   52          int16 imu660ra_gyro_x = 0, imu660ra_gyro_y = 0, imu660ra_gyro_z = 0;            // ä¸‰è½´é™€èºä»ªæ•°æ® 
             -  gyro (é™€èºä»ª)
   53          int16 imu660ra_acc_x = 0, imu660ra_acc_y = 0, imu660ra_acc_z = 0;               // ä¸‰è½´åŠ é€Ÿåº¦è®¡æ•°æ
C251 COMPILER V5.60.0,  SEEKFREE_IMU660RA                                                  04/12/23  16:30:44  PAGE 2   

             -® acc  (accelerometer åŠ é€Ÿåº¦è®¡)
   54          
   55          #if IMU660RA_USE_SOFT_IIC
   56          
   57          #define GET_IMU660RA_SDA          IMU660RA_SDA_PIN
   58          #define IMU660RA_SCL_LOW()            IMU660RA_SCL_PIN = 0    //IOå£è¾“å‡ºä½ç”µå¹³
   59          #define IMU660RA_SCL_HIGH()           IMU660RA_SCL_PIN = 1    //IOå£è¾“å‡ºé«˜ç”µå¹³
   60          #define IMU660RA_SDA_LOW()            IMU660RA_SDA_PIN = 0    //IOå£è¾“å‡ºä½ç”µå¹³
   61          #define IMU660RA_SDA_HIGH()           IMU660RA_SDA_PIN = 1    //IOå£è¾“å‡ºé«˜ç”µå¹³
   62          
   63          
   64          #define ack 1      //ä¸»åº”ç­”
   65          #define no_ack 0   //ä»åº”ç­”  
   66          
   67          //-------------------------------------------------------------------------------------------------------
             -------------
   68          //  @brief      æ¨¡æ‹ŸIICå»¶æ—¶
   69          //  @return     void            
   70          //  @since      v1.0
   71          //  Sample usage:       å¦‚æœIICé€šè®¯å¤±è´¥å¯ä»¥å°è¯•å¢åŠ jçš„å€¼
   72          //-------------------------------------------------------------------------------------------------------
             -------------
   73          static void imu660ra_simiic_delay(void)
   74          {
   75   1          uint16 j=IMU660RA_SOFT_IIC_DELAY;   
   76   1        while(j--);
   77   1      }
   78          
   79          //å†…éƒ¨ä½¿ç”¨ï¼Œç”¨æˆ·æ— éœ€è°ƒç”¨
   80          static void imu660ra_simiic_start(void)
   81          {
   82   1        IMU660RA_SDA_HIGH();
   83   1        IMU660RA_SCL_HIGH();
   84   1        imu660ra_simiic_delay();
   85   1        IMU660RA_SDA_LOW();
   86   1        imu660ra_simiic_delay();
   87   1        IMU660RA_SCL_LOW();
   88   1      }
   89          
   90          //å†…éƒ¨ä½¿ç”¨ï¼Œç”¨æˆ·æ— éœ€è°ƒç”¨
   91          static void imu660ra_simiic_stop(void)
   92          {
   93   1        IMU660RA_SDA_LOW();
   94   1        IMU660RA_SCL_LOW();
   95   1        imu660ra_simiic_delay();
   96   1        IMU660RA_SCL_HIGH();
   97   1        imu660ra_simiic_delay();
   98   1        IMU660RA_SDA_HIGH();
   99   1        imu660ra_simiic_delay();
  100   1      }
  101          
  102          //ä¸»åº”ç­”(åŒ…å«ack:SDA=0å’Œno_ack:SDA=0)
  103          //å†…éƒ¨ä½¿ç”¨ï¼Œç”¨æˆ·æ— éœ€è°ƒç”¨
  104          static void imu660ra_simiic_sendack(unsigned char ack_dat)
  105          {
  106   1          IMU660RA_SCL_LOW();
  107   1        imu660ra_simiic_delay();
  108   1        if(ack_dat) IMU660RA_SDA_LOW();
  109   1          else      IMU660RA_SDA_HIGH();
  110   1      
  111   1          IMU660RA_SCL_HIGH();
  112   1          imu660ra_simiic_delay();
  113   1          IMU660RA_SCL_LOW();
  114   1          imu660ra_simiic_delay();
  115   1      }
  116          
C251 COMPILER V5.60.0,  SEEKFREE_IMU660RA                                                  04/12/23  16:30:44  PAGE 3   

  117          
  118          static int imu660ra_sccb_waitack(void)
  119          {
  120   1          IMU660RA_SCL_LOW();
  121   1      
  122   1        imu660ra_simiic_delay();
  123   1        
  124   1        IMU660RA_SCL_HIGH();
  125   1          imu660ra_simiic_delay();
  126   1        
  127   1          if(GET_IMU660RA_SDA)           //åº”ç­”ä¸ºé«˜ç”µå¹³ï¼Œå¼‚å¸¸ï¼Œé€šä¿¡å¤±è´¥
  128   1          {
  129   2      
  130   2              IMU660RA_SCL_LOW();
  131   2              return 0;
  132   2          }
  133   1      
  134   1          IMU660RA_SCL_LOW();
  135   1        imu660ra_simiic_delay();
  136   1          return 1;
  137   1      }
  138          
  139          //å­—èŠ‚å‘é€ç¨‹åº
  140          //å‘é€c(å¯ä»¥æ˜¯æ•°æ®ä¹Ÿå¯æ˜¯åœ°å€)ï¼Œé€å®Œåæ¥æ”¶ä»åº”ç­”
  141          //ä¸è€ƒè™‘ä»åº”ç­”ä½
  142          //å†…éƒ¨ä½¿ç”¨ï¼Œç”¨æˆ·æ— éœ€è°ƒç”¨
  143          static void imu660ra_send_ch(uint8 c)
  144          {
  145   1        uint8 i = 8;
  146   1          while(i--)
  147   1          {
  148   2              if(c & 0x80)  IMU660RA_SDA_HIGH();//SDA è¾“å‡ºæ•°æ®
  149   2              else      IMU660RA_SDA_LOW();
  150   2              c <<= 1;
  151   2              imu660ra_simiic_delay();
  152   2              IMU660RA_SCL_HIGH();                //SCL æ‹‰é«˜ï¼Œé‡‡é›†ä¿¡å·
  153   2              imu660ra_simiic_delay();
  154   2              IMU660RA_SCL_LOW();                //SCL æ—¶é’Ÿçº¿æ‹‰ä½
  155   2          }
  156   1        imu660ra_sccb_waitack();
  157   1      }
  158          
  159          
  160          //å­—èŠ‚æ¥æ”¶ç¨‹åº
  161          //æ¥æ”¶å™¨ä»¶ä¼ æ¥çš„æ•°æ®ï¼Œæ­¤ç¨‹åºåº”é…åˆ|ä¸»åº”ç­”å‡½æ•°|ä½¿ç”¨
  162          //å†…éƒ¨ä½¿ç”¨ï¼Œç”¨æˆ·æ— éœ€è°ƒç”¨
  163          static uint8 imu660ra_read_ch(uint8 ack_x)
  164          {
  165   1          uint8 i;
  166   1          uint8 c;
  167   1          c=0;
  168   1          IMU660RA_SCL_LOW();
  169   1          imu660ra_simiic_delay();
  170   1          IMU660RA_SDA_HIGH();             
  171   1      
  172   1          for(i=0;i<8;i++)
  173   1          {
  174   2              imu660ra_simiic_delay();
  175   2              IMU660RA_SCL_LOW();         //ç½®æ—¶é’Ÿçº¿ä¸ºä½ï¼Œå‡†å¤‡æ¥æ”¶æ•°æ®ä½
  176   2              imu660ra_simiic_delay();
  177   2              IMU660RA_SCL_HIGH();         //ç½®æ—¶é’Ÿçº¿ä¸ºé«˜ï¼Œä½¿æ•°æ®çº¿ä¸Šæ•°æ®æœ‰æ•ˆ
  178   2              imu660ra_simiic_delay();
  179   2              c<<=1;
  180   2              if(GET_IMU660RA_SDA) 
  181   2              {
  182   3                  c+=1;   //è¯»æ•°æ®ä½ï¼Œå°†æ¥æ”¶çš„æ•°æ®å­˜c
C251 COMPILER V5.60.0,  SEEKFREE_IMU660RA                                                  04/12/23  16:30:44  PAGE 4   

  183   3              }
  184   2          }
  185   1      
  186   1        IMU660RA_SCL_LOW();
  187   1        imu660ra_simiic_delay();
  188   1        imu660ra_simiic_sendack(ack_x);
  189   1        
  190   1          return c;
  191   1      }
  192          
  193          
  194          //-------------------------------------------------------------------------------------------------------
             -------------
  195          //  @brief      æ¨¡æ‹ŸIICå†™æ•°æ®åˆ°è®¾å¤‡å¯„å­˜å™¨å‡½æ•°
  196          //  @param      dev_add     è®¾å¤‡åœ°å€(ä½ä¸ƒä½åœ°å€)
  197          //  @param      reg       å¯„å­˜å™¨åœ°å€
  198          //  @param      dat       å†™å…¥çš„æ•°æ®
  199          //  @return     void            
  200          //  @since      v1.0
  201          //  Sample usage:       
  202          //-------------------------------------------------------------------------------------------------------
             -------------
  203          static void imu660ra_simiic_write_reg(uint8 dev_add, uint8 reg, uint8 dat)
  204          {
  205   1        imu660ra_simiic_start();
  206   1          imu660ra_send_ch( (dev_add<<1) | 0x00);   //å‘é€å™¨ä»¶åœ°å€åŠ å†™ä½
  207   1        imu660ra_send_ch( reg );           //å‘é€ä»æœºå¯„å­˜å™¨åœ°å€
  208   1        imu660ra_send_ch( dat );           //å‘é€éœ€è¦å†™å…¥çš„æ•°æ®
  209   1        imu660ra_simiic_stop();
  210   1      }
  211          
  212          //-------------------------------------------------------------------------------------------------------
             -------------
  213          //  @brief      æ¨¡æ‹ŸIICå†™æ•°æ®åˆ°è®¾å¤‡å¯„å­˜å™¨å‡½æ•°
  214          //  @param      dev_add     è®¾å¤‡åœ°å€(ä½ä¸ƒä½åœ°å€)
  215          //  @param      reg       å¯„å­˜å™¨åœ°å€
  216          //  @param      dat       å†™å…¥çš„æ•°æ®
  217          //  @return     void            
  218          //  @since      v1.0
  219          //  Sample usage:       
  220          //-------------------------------------------------------------------------------------------------------
             -------------
  221          static void imu660ra_simiic_write_regs(uint8 dev_add, uint8 reg, uint8 *dat, uint32 len)
  222          {
  223   1        uint16 i = 0;
  224   1        imu660ra_simiic_start();
  225   1          imu660ra_send_ch( (dev_add<<1) | 0x00);   //å‘é€å™¨ä»¶åœ°å€åŠ å†™ä½
  226   1        imu660ra_send_ch( reg );           //å‘é€ä»æœºå¯„å­˜å™¨åœ°å€
  227   1      
  228   1        while(len--)
  229   1        {
  230   2          imu660ra_send_ch( *dat++ );            //å‘é€éœ€è¦å†™å…¥çš„æ•°æ®
  231   2        }
  232   1      
  233   1        
  234   1        imu660ra_simiic_stop();
  235   1      }
  236          //-------------------------------------------------------------------------------------------------------
             -------------
  237          //  @brief      æ¨¡æ‹ŸIICä»è®¾å¤‡å¯„å­˜å™¨è¯»å–æ•°æ®
  238          //  @param      dev_add     è®¾å¤‡åœ°å€(ä½ä¸ƒä½åœ°å€)
  239          //  @param      reg       å¯„å­˜å™¨åœ°å€
  240          //  @param      type      é€‰æ‹©é€šä¿¡æ–¹å¼æ˜¯IIC  è¿˜æ˜¯ SCCB
  241          //  @return     uint8     è¿”å›å¯„å­˜å™¨çš„æ•°æ®      
  242          //  @since      v1.0
  243          //  Sample usage:       
C251 COMPILER V5.60.0,  SEEKFREE_IMU660RA                                                  04/12/23  16:30:44  PAGE 5   

  244          //-------------------------------------------------------------------------------------------------------
             -------------
  245          static uint8 imu660ra_simiic_read_reg(uint8 dev_add, uint8 reg)
  246          {
  247   1        uint8 dat;
  248   1        imu660ra_simiic_start();
  249   1          imu660ra_send_ch( (dev_add<<1) | 0x00);  //å‘é€å™¨ä»¶åœ°å€åŠ å†™ä½
  250   1        imu660ra_send_ch( reg );          //å‘é€ä»æœºå¯„å­˜å™¨åœ°å€
  251   1        
  252   1        imu660ra_simiic_start();
  253   1        imu660ra_send_ch( (dev_add<<1) | 0x01);  //å‘é€å™¨ä»¶åœ°å€åŠ è¯»ä½
  254   1        dat = imu660ra_read_ch(no_ack);           //è¯»å–æ•°æ®
  255   1        imu660ra_simiic_stop();
  256   1        
  257   1        return dat;
  258   1      }
  259          
  260          //-------------------------------------------------------------------------------------------------------
             -------------
  261          //  @brief      æ¨¡æ‹ŸIICè¯»å–å¤šå­—èŠ‚æ•°æ®
  262          //  @param      dev_add     è®¾å¤‡åœ°å€(ä½ä¸ƒä½åœ°å€)
  263          //  @param      reg       å¯„å­˜å™¨åœ°å€
  264          //  @param      dat_add     æ•°æ®ä¿å­˜çš„åœ°å€æŒ‡é’ˆ
  265          //  @param      num       è¯»å–å­—èŠ‚æ•°é‡
  266          //  @param      type      é€‰æ‹©é€šä¿¡æ–¹å¼æ˜¯IIC  è¿˜æ˜¯ SCCB
  267          //  @return     uint8     è¿”å›å¯„å­˜å™¨çš„æ•°æ®      
  268          //  @since      v1.0
  269          //  Sample usage:       
  270          //-------------------------------------------------------------------------------------------------------
             -------------
  271          static void imu660ra_simiic_read_regs(uint8 dev_add, uint8 reg, uint8 *dat_add, uint32 num)
  272          {
  273   1        imu660ra_simiic_start();
  274   1          imu660ra_send_ch( (dev_add<<1) | 0x00);  //å‘é€å™¨ä»¶åœ°å€åŠ å†™ä½
  275   1        imu660ra_send_ch( reg );          //å‘é€ä»æœºå¯„å­˜å™¨åœ°å€
  276   1        
  277   1        imu660ra_simiic_start();
  278   1        imu660ra_send_ch( (dev_add<<1) | 0x01);  //å‘é€å™¨ä»¶åœ°å€åŠ è¯»ä½
  279   1          while(--num)
  280   1          {
  281   2              *dat_add = imu660ra_read_ch(ack); //è¯»å–æ•°æ®
  282   2              dat_add++;
  283   2          }
  284   1          *dat_add = imu660ra_read_ch(no_ack); //è¯»å–æ•°æ®
  285   1        imu660ra_simiic_stop();
  286   1      }
  287          
  288          #define imu660ra_write_register(reg, dat)        (imu660ra_simiic_write_reg(IMU660RA_DEV_ADDR, (reg), (da
             -t)))
  289          #define imu660ra_write_registers(reg, dat, len)  (imu660ra_simiic_write_regs(IMU660RA_DEV_ADDR, (reg), (d
             -at), (len)))
  290          #define imu660ra_read_register(reg)              (imu660ra_simiic_read_reg(IMU660RA_DEV_ADDR, (reg)))
  291          #define imu660ra_read_registers(reg, dat, len)   (imu660ra_simiic_read_regs(IMU660RA_DEV_ADDR, (reg), (da
             -t), (len)))
  292          
  293          #else
               
               
               #define IMU660RA_SCK(x)       IMU660RA_SPC_PIN  = x
               #define IMU660RA_MOSI(x)      IMU660RA_SDI_PIN = x
               #define IMU660RA_CS(x)        IMU660RA_CS_PIN  = x
               #define IMU660RA_MISO         IMU660RA_SDO_PIN 
               
               
               //-------------------------------------------------------------------------------------------------------
             -------------
C251 COMPILER V5.60.0,  SEEKFREE_IMU660RA                                                  04/12/23  16:30:44  PAGE 6   

               //  @brief      é€šè¿‡SPIå†™ä¸€ä¸ªbyte,åŒæ—¶è¯»å–ä¸€ä¸ªbyte
               //  @param      byte        å‘é€çš„æ•°æ®    
               //  @return     uint8       return è¿”å›statusçŠ¶æ€
               //  @since      v1.0
               //  Sample usage:
               //-------------------------------------------------------------------------------------------------------
             -------------
               static uint8 imu660ra_simspi_wr_byte(uint8 byte)
               {
                   uint8 i;
                 
                   for(i=0; i<8; i++)
                   {
                       IMU660RA_MOSI(byte&0x80);
                       byte <<= 1;
                   IMU660RA_SCK (0);
                   IMU660RA_SCK (0);
                   IMU660RA_SCK (1);
                   IMU660RA_SCK (1);
                   
                   byte |= IMU660RA_MISO; 
                   } 
                   return(byte);                                         
               }
               //-------------------------------------------------------------------------------------------------------
             -------------
               //  @brief      å°†valå†™å…¥cmdå¯¹åº”çš„å¯„å­˜å™¨åœ°å€,åŒæ—¶è¿”å›statuså­—èŠ‚
               //  @param      cmd         å‘½ä»¤å­—
               //  @param      val         å¾…å†™å…¥å¯„å­˜å™¨çš„æ•°å€¼
               //  @since      v1.0
               //  Sample usage:
               //-------------------------------------------------------------------------------------------------------
             -------------
               static void imu660ra_simspi_w_reg_byte(uint8 cmd, uint8 val)
               {
                   cmd |= IMU660RA_SPI_W;
                   imu660ra_simspi_wr_byte(cmd);                       
                   imu660ra_simspi_wr_byte(val);                                                                   
               }
               
               
               //-------------------------------------------------------------------------------------------------------
             -------------
               //  @brief      å°†valå†™å…¥cmdå¯¹åº”çš„å¯„å­˜å™¨åœ°å€
               //  @param      cmd         å‘½ä»¤å­—
               //  @param      val         å¾…å†™å…¥å¯„å­˜å™¨çš„æ•°å€¼
               //  @since      v1.0
               //  Sample usage:
               //-------------------------------------------------------------------------------------------------------
             -------------
               static void imu660ra_simspi_w_reg_bytes(uint8 cmd, uint8 *dat_addr, uint32 len)
               {
                   cmd |= IMU660RA_SPI_W;
                   imu660ra_simspi_wr_byte(cmd);   
                 while(len--)
                 {
                   imu660ra_simspi_wr_byte(*dat_addr++);   
                 }                                                                 
               }
               
               //-------------------------------------------------------------------------------------------------------
             -------------
               //  @brief      è¯»å–cmdæ‰€å¯¹åº”çš„å¯„å­˜å™¨åœ°å€
               //  @param      cmd         å‘½ä»¤å­—
               //  @param      *val        å­˜å‚¨è¯»å–çš„æ•°æ®åœ°å€
               //  @since      v1.0
C251 COMPILER V5.60.0,  SEEKFREE_IMU660RA                                                  04/12/23  16:30:44  PAGE 7   

               //  Sample usage:
               //-------------------------------------------------------------------------------------------------------
             -------------
               //static void imu660ra_simspi_r_reg_byte(uint8 cmd, uint8 *val)
               //{
               //    IMU660RA_CS(0);
               //    cmd |= IMU660RA_SPI_R;
               //    imu660ra_simspi_wr_byte(cmd);                                 
               //    *val = imu660ra_simspi_wr_byte(0);                            
               //    IMU660RA_CS(1);                                     
               //}
               
               //-------------------------------------------------------------------------------------------------------
             -------------
               //  @brief      è¯»å–cmdæ‰€å¯¹åº”çš„å¯„å­˜å™¨åœ°å€
               //  @param      cmd         å‘½ä»¤å­—
               //  @param      *val        å­˜å‚¨è¯»å–çš„æ•°æ®åœ°å€
               //  @param      num         è¯»å–çš„æ•°é‡
               //  @since      v1.0
               //  Sample usage:
               //-------------------------------------------------------------------------------------------------------
             -------------
               static void imu660ra_simspi_r_reg_bytes(uint8 cmd, uint8 *val, uint32 num)
               {
                   cmd |= IMU660RA_SPI_R;
                   imu660ra_simspi_wr_byte(cmd);
                 
                 while(num--)
                 {
                   *val++ = imu660ra_simspi_wr_byte(0);
                 }
               }
               
               
               //-------------------------------------------------------------------------------------------------------
             -------------
               // å‡½æ•°ç®€ä»‹     IMU660RA å†™å¯„å­˜å™¨
               // å‚æ•°è¯´æ˜     reg             å¯„å­˜å™¨åœ°å€
               // å‚æ•°è¯´æ˜     dat            æ•°æ®
               // è¿”å›å‚æ•°     void
               // ä½¿ç”¨ç¤ºä¾‹     imu660ra_write_register(IMU660RA_PWR_CONF, 0x00);                   // å…³é—­é«˜çº§çœ
             -ç”µæ¨¡å¼
               // å¤‡æ³¨ä¿¡æ¯     å†…éƒ¨è°ƒç”¨
               //-------------------------------------------------------------------------------------------------------
             -------------
               static void imu660ra_write_register(uint8 reg, uint8 dat)
               {
                   IMU660RA_CS(0);
                   imu660ra_simspi_w_reg_byte(reg | IMU660RA_SPI_W, dat);
                   IMU660RA_CS(1);
               }
               
               //-------------------------------------------------------------------------------------------------------
             -------------
               // å‡½æ•°ç®€ä»‹     IMU660RA å†™æ•°æ®
               // å‚æ•°è¯´æ˜     reg             å¯„å­˜å™¨åœ°å€
               // å‚æ•°è¯´æ˜     dat            æ•°æ®
               // è¿”å›å‚æ•°     void
               // ä½¿ç”¨ç¤ºä¾‹     imu660ra_write_registers(IMU660RA_INIT_dat, imu660ra_config_file, sizeof(imu660ra_con
             -fig_file));
               // å¤‡æ³¨ä¿¡æ¯     å†…éƒ¨è°ƒç”¨
               //-------------------------------------------------------------------------------------------------------
             -------------
               static void imu660ra_write_registers(uint8 reg, const uint8 *dat, uint32 len)
               {
                   IMU660RA_CS(0);
C251 COMPILER V5.60.0,  SEEKFREE_IMU660RA                                                  04/12/23  16:30:44  PAGE 8   

               
                   imu660ra_simspi_w_reg_bytes(reg | IMU660RA_SPI_W, dat, len);
                   IMU660RA_CS(1);
               }
               
               //-------------------------------------------------------------------------------------------------------
             -------------
               // å‡½æ•°ç®€ä»‹     IMU660RA è¯»å¯„å­˜å™¨
               // å‚æ•°è¯´æ˜     reg             å¯„å­˜å™¨åœ°å€
               // è¿”å›å‚æ•°     uint8           æ•°æ®
               // ä½¿ç”¨ç¤ºä¾‹     imu660ra_read_register(IMU660RA_CHIP_ID);
               // å¤‡æ³¨ä¿¡æ¯     å†…éƒ¨è°ƒç”¨
               //-------------------------------------------------------------------------------------------------------
             -------------
               static uint8 imu660ra_read_register(uint8 reg)
               {
                   uint8 dat[2];
                   IMU660RA_CS(0);
                   imu660ra_simspi_r_reg_bytes(reg | IMU660RA_SPI_R, dat, 2);
                   IMU660RA_CS(1);
                   return dat[1];
               }
               
               //-------------------------------------------------------------------------------------------------------
             -------------
               // å‡½æ•°ç®€ä»‹     IMU660RA è¯»æ•°æ®
               // å‚æ•°è¯´æ˜     reg             å¯„å­˜å™¨åœ°å€
               // å‚æ•°è¯´æ˜     dat            æ•°æ®ç¼“å†²åŒº
               // å‚æ•°è¯´æ˜     len             æ•°æ®é•¿åº¦
               // è¿”å›å‚æ•°     void
               // ä½¿ç”¨ç¤ºä¾‹     imu660ra_read_registers(IMU660RA_ACC_ADDRESS, dat, 6);
               // å¤‡æ³¨ä¿¡æ¯     å†…éƒ¨è°ƒç”¨
               //-------------------------------------------------------------------------------------------------------
             -------------
               static void imu660ra_read_registers(uint8 reg, uint8 *dat, uint32 len)
               {
                   IMU660RA_CS(0);
                   imu660ra_simspi_r_reg_bytes(reg | IMU660RA_SPI_R, dat, len);
                 IMU660RA_CS(1);
               }
               #endif
  457          
  458          //-------------------------------------------------------------------------------------------------------
             -------------
  459          // å‡½æ•°ç®€ä»‹     IMU660RA è‡ªæ£€
  460          // å‚æ•°è¯´æ˜     void
  461          // è¿”å›å‚æ•°     uint8           1-è‡ªæ£€å¤±è´¥ 0-è‡ªæ£€æˆåŠŸ
  462          // ä½¿ç”¨ç¤ºä¾‹     imu660ra_self_check();
  463          // å¤‡æ³¨ä¿¡æ¯     å†…éƒ¨è°ƒç”¨
  464          //-------------------------------------------------------------------------------------------------------
             -------------
  465          static uint8 imu660ra_self_check (void)
  466          {
  467   1          uint8 dat = 0, return_state = 0;
  468   1          uint16 timeout_count = 0;
  469   1          do
  470   1          {
  471   2              if(timeout_count ++ > IMU660RA_TIMEOUT_COUNT)
  472   2              {
  473   3                  return_state =  1;
  474   3                  break;
  475   3              }
  476   2              dat = imu660ra_read_register(IMU660RA_CHIP_ID);
  477   2              delay_ms(1);
  478   2          }while(0x24 != dat);                                                        // è¯»å–è®¾å¤‡IDæ˜¯å¦ç­
             -‰äº0X24ï¼Œå¦‚æœä¸æ˜¯0X24åˆ™è®¤ä¸ºæ²¡æ£€æµ‹åˆ°è®¾å¤‡
C251 COMPILER V5.60.0,  SEEKFREE_IMU660RA                                                  04/12/23  16:30:44  PAGE 9   

  479   1          return return_state;
  480   1      }
  481          
  482          //-------------------------------------------------------------------------------------------------------
             -------------
  483          // å‡½æ•°ç®€ä»‹     è·å– IMU660RA åŠ é€Ÿåº¦è®¡æ•°æ®
  484          // å‚æ•°è¯´æ˜     void
  485          // è¿”å›å‚æ•°     void
  486          // ä½¿ç”¨ç¤ºä¾‹     imu660ra_get_acc();                                             // æ‰§è¡Œè¯¥å‡½æ•°å
             -ï¼Œç›´æ¥æŸ¥çœ‹å¯¹åº”çš„å˜é‡å³å¯
  487          // å¤‡æ³¨ä¿¡æ¯     ä½¿ç”¨ SPI çš„é‡‡é›†æ—¶é—´ä¸º69us
  488          //             ä½¿ç”¨ IIC çš„é‡‡é›†æ—¶é—´ä¸º126us        é‡‡é›†åŠ é€Ÿåº¦è®¡çš„æ—¶é—´ä¸é‡‡é›†é™€èºä»ªçš„
             -æ—¶é—´ä¸€è‡´çš„åŸå› æ˜¯éƒ½åªæ˜¯è¯»å–å¯„å­˜å™¨æ•°æ®
  489          //-------------------------------------------------------------------------------------------------------
             -------------
  490          void imu660ra_get_acc (void)
  491          {
  492   1      #if IMU660RA_USE_SOFT_IIC
  493   1        uint8 dat[6];
  494   1          imu660ra_read_registers(IMU660RA_ACC_ADDRESS, dat, 6);
  495   1          imu660ra_acc_x = (int16)(((uint16)dat[1]<<8 | dat[0]));
  496   1          imu660ra_acc_y = (int16)(((uint16)dat[3]<<8 | dat[2]));
  497   1          imu660ra_acc_z = (int16)(((uint16)dat[5]<<8 | dat[4]));
  498   1      #else
                 // SPIè¯»å–ç¬¬ä¸€ä¸ªåœ°å€ä¸ºç©º
                 uint8 dat[7];
                 imu660ra_read_registers(IMU660RA_ACC_ADDRESS, dat, 7);
                   imu660ra_acc_x = (int16)(((uint16)dat[2]<<8 | dat[1]));
                   imu660ra_acc_y = (int16)(((uint16)dat[4]<<8 | dat[3]));
                   imu660ra_acc_z = (int16)(((uint16)dat[6]<<8 | dat[5]));
               #endif
  506   1      }
  507          //-------------------------------------------------------------------------------------------------------
             -------------
  508          // å‡½æ•°ç®€ä»‹     è·å– IMU660RA é™€èºä»ªæ•°æ®
  509          // å‚æ•°è¯´æ˜     void
  510          // è¿”å›å‚æ•°     void
  511          // ä½¿ç”¨ç¤ºä¾‹     imu660ra_get_gyro();                                            // æ‰§è¡Œè¯¥å‡½æ•°å
             -ï¼Œç›´æ¥æŸ¥çœ‹å¯¹åº”çš„å˜é‡å³å¯
  512          // å¤‡æ³¨ä¿¡æ¯     ä½¿ç”¨ SPI çš„é‡‡é›†æ—¶é—´ä¸º69us
  513          //             ä½¿ç”¨ IIC çš„é‡‡é›†æ—¶é—´ä¸º126us
  514          //-------------------------------------------------------------------------------------------------------
             -------------
  515          void imu660ra_get_gyro (void)
  516          {
  517   1      #if IMU660RA_USE_SOFT_IIC
  518   1          uint8 dat[6];
  519   1          imu660ra_read_registers(IMU660RA_GYRO_ADDRESS, dat, 6);
  520   1          imu660ra_gyro_x = (int16)(((uint16)dat[1]<<8 | dat[0]));
  521   1          imu660ra_gyro_y = (int16)(((uint16)dat[3]<<8 | dat[2]));
  522   1          imu660ra_gyro_z = (int16)(((uint16)dat[5]<<8 | dat[4]));
  523   1      #else
                 // SPIè¯»å–ç¬¬ä¸€ä¸ªåœ°å€ä¸ºç©º
                 uint8 dat[7];
                 imu660ra_read_registers(IMU660RA_GYRO_ADDRESS, dat, 7);
                   imu660ra_gyro_x = (int16)(((uint16)dat[2]<<8 | dat[1]));
                   imu660ra_gyro_y = (int16)(((uint16)dat[4]<<8 | dat[3]));
                   imu660ra_gyro_z = (int16)(((uint16)dat[6]<<8 | dat[5]));
               #endif
  531   1      }
  532          
  533          //-------------------------------------------------------------------------------------------------------
             -------------
  534          // å‡½æ•°ç®€ä»‹     å°† IMU660RA åŠ é€Ÿåº¦è®¡æ•°æ®è½¬æ¢ä¸ºå®é™…ç‰©ç†æ•°æ®
  535          // å‚æ•°è¯´æ˜     gyro_value      ä»»æ„è½´çš„åŠ é€Ÿåº¦è®¡æ•°æ®
  536          // è¿”å›å‚æ•°     void
C251 COMPILER V5.60.0,  SEEKFREE_IMU660RA                                                  04/12/23  16:30:44  PAGE 10  

  537          // ä½¿ç”¨ç¤ºä¾‹     float dat = imu660ra_acc_transition(imu660ra_acc_x);           // å•ä½ä¸º g(m/s^2)
  538          // å¤‡æ³¨ä¿¡æ¯
  539          //-------------------------------------------------------------------------------------------------------
             -------------
  540          float imu660ra_acc_transition (int16 acc_value)
  541          {
  542   1          float acc_dat = 0;
  543   1          switch((uint8)IMU660RA_ACC_SAMPLE)
  544   1          {
  545   2              case 0x00: acc_dat = (float)acc_value / 16384; break;                  // 0x00 åŠ é€Ÿåº¦è®¡é‡ç¨‹
             -ä¸º:Â±2g     è·å–åˆ°çš„åŠ é€Ÿåº¦è®¡æ•°æ® é™¤ä»¥ 16384     å¯ä»¥è½¬åŒ–ä¸ºå¸¦ç‰©ç†å•ä½çš„æ•°æ® å•ä½ï¼šg(m/s^2)
  546   2              case 0x01: acc_dat = (float)acc_value / 8192; break;                   // 0x01 åŠ é€Ÿåº¦è®¡é‡ç¨‹
             -ä¸º:Â±4g     è·å–åˆ°çš„åŠ é€Ÿåº¦è®¡æ•°æ® é™¤ä»¥ 8192      å¯ä»¥è½¬åŒ–ä¸ºå¸¦ç‰©ç†å•ä½çš„æ•°æ® å•ä½ï¼šg(m/s^2)
  547   2              case 0x02: acc_dat = (float)acc_value / 4096; break;                   // 0x02 åŠ é€Ÿåº¦è®¡é‡ç¨‹
             -ä¸º:Â±8g     è·å–åˆ°çš„åŠ é€Ÿåº¦è®¡æ•°æ® é™¤ä»¥ 4096      å¯ä»¥è½¬åŒ–ä¸ºå¸¦ç‰©ç†å•ä½çš„æ•°æ® å•ä½ï¼šg(m/s^2)
  548   2              case 0x03: acc_dat = (float)acc_value / 2048; break;                   // 0x03 åŠ é€Ÿåº¦è®¡é‡ç¨‹
             -ä¸º:Â±16g    è·å–åˆ°çš„åŠ é€Ÿåº¦è®¡æ•°æ® é™¤ä»¥ 2048      å¯ä»¥è½¬åŒ–ä¸ºå¸¦ç‰©ç†å•ä½çš„æ•°æ® å•ä½ï¼šg(m/s^2)
  549   2              default: break;
  550   2          }
  551   1          return acc_dat;
  552   1      }
  553          
  554          //-------------------------------------------------------------------------------------------------------
             -------------
  555          // å‡½æ•°ç®€ä»‹     å°† IMU660RA é™€èºä»ªæ•°æ®è½¬æ¢ä¸ºå®é™…ç‰©ç†æ•°æ®
  556          // å‚æ•°è¯´æ˜     gyro_value      ä»»æ„è½´çš„é™€èºä»ªæ•°æ®
  557          // è¿”å›å‚æ•°     void
  558          // ä½¿ç”¨ç¤ºä¾‹     float dat = imu660ra_gyro_transition(imu660ra_gyro_x);         // å•ä½ä¸ºÂ°/s
  559          // å¤‡æ³¨ä¿¡æ¯
  560          //-------------------------------------------------------------------------------------------------------
             -------------
  561          float imu660ra_gyro_transition (int16 gyro_value)
  562          {
  563   1          float gyro_dat = 0;
  564   1          switch(IMU660RA_GYR_SAMPLE)
  565   1          {
  566   2              case 0x00: gyro_dat = (float)gyro_value / 16.4f;  break;               //  0x00 é™€èºä»ªé‡ç¨‹ä¸
             -º:Â±2000dps    è·å–åˆ°çš„é™€èºä»ªæ•°æ®é™¤ä»¥ 16.4    å¯ä»¥è½¬åŒ–ä¸ºå¸¦ç‰©ç†å•ä½çš„æ•°æ® å•ä½ä¸ºï¼šÂ°/s
  567   2              case 0x01: gyro_dat = (float)gyro_value / 32.8f;  break;               //  0x01 é™€èºä»ªé‡ç¨‹ä¸
             -º:Â±1000dps    è·å–åˆ°çš„é™€èºä»ªæ•°æ®é™¤ä»¥ 32.8    å¯ä»¥è½¬åŒ–ä¸ºå¸¦ç‰©ç†å•ä½çš„æ•°æ® å•ä½ä¸ºï¼šÂ°/s
  568   2              case 0x02: gyro_dat = (float)gyro_value / 65.6f;  break;               //  0x02 é™€èºä»ªé‡ç¨‹ä¸
             -º:Â±500 dps    è·å–åˆ°çš„é™€èºä»ªæ•°æ®é™¤ä»¥ 65.6    å¯ä»¥è½¬åŒ–ä¸ºå¸¦ç‰©ç†å•ä½çš„æ•°æ® å•ä½ä¸ºï¼šÂ°/s
  569   2              case 0x03: gyro_dat = (float)gyro_value / 131.2f; break;               //  0x03 é™€èºä»ªé‡ç¨‹ä¸
             -º:Â±250 dps    è·å–åˆ°çš„é™€èºä»ªæ•°æ®é™¤ä»¥ 131.2   å¯ä»¥è½¬åŒ–ä¸ºå¸¦ç‰©ç†å•ä½çš„æ•°æ® å•ä½ä¸ºï¼šÂ°/s
  570   2              case 0x04: gyro_dat = (float)gyro_value / 262.4f; break;               //  0x04 é™€èºä»ªé‡ç¨‹ä¸
             -º:Â±125 dps    è·å–åˆ°çš„é™€èºä»ªæ•°æ®é™¤ä»¥ 262.4   å¯ä»¥è½¬åŒ–ä¸ºå¸¦ç‰©ç†å•ä½çš„æ•°æ® å•ä½ä¸ºï¼šÂ°/s
  571   2              default: break;
  572   2          }
  573   1          return gyro_dat;
  574   1      }
  575          
  576          //-------------------------------------------------------------------------------------------------------
             -------------
  577          // å‡½æ•°ç®€ä»‹     åˆå§‹åŒ– IMU660RA
  578          // å‚æ•°è¯´æ˜     void
  579          // è¿”å›å‚æ•°     uint8           1-åˆå§‹åŒ–å¤±è´¥ 0-åˆå§‹åŒ–æˆåŠŸ
  580          // ä½¿ç”¨ç¤ºä¾‹     imu660ra_init();
  581          // å¤‡æ³¨ä¿¡æ¯
  582          //-------------------------------------------------------------------------------------------------------
             -------------
  583          uint8 imu660ra_init (void)
  584          {
  585   1          uint8 return_state = 0;
  586   1        
  587   1          delay_ms(20);                                                           // ç­‰å¾…è®¾å¤‡ä¸Šç”µæˆåŠŸ
  588   1      
C251 COMPILER V5.60.0,  SEEKFREE_IMU660RA                                                  04/12/23  16:30:44  PAGE 11  

  589   1      //#if IMU660RA_USE_SOFT_IIC 
  590   1      
  591   1      //#else
  592   1      //  imu660ra_read_register(IMU660RA_CHIP_ID);                                   // è¯»å–ä¸€ä¸‹è®¾å¤‡ID å°
             -†è®¾å¤‡è®¾ç½®ä¸ºSPIæ¨¡å¼
  593   1      //  imu660ra_read_register(IMU660RA_CHIP_ID);                                   // è¯»å–ä¸€ä¸‹è®¾å¤‡ID å°
             -†è®¾å¤‡è®¾ç½®ä¸ºSPIæ¨¡å¼
  594   1      //  imu660ra_read_register(IMU660RA_CHIP_ID);                                   // è¯»å–ä¸€ä¸‹è®¾å¤‡ID å°
             -†è®¾å¤‡è®¾ç½®ä¸ºSPIæ¨¡å¼
  595   1      
  596   1      //#endif
  597   1        
  598   1          do{
  599   2              if(imu660ra_self_check())                                               // IMU660RA è‡ªæ£€
  600   2              {
  601   3                  // å¦‚æœç¨‹åºåœ¨è¾“å‡ºäº†æ–­è¨€ä¿¡æ¯ å¹¶ä¸”æç¤ºå‡ºé”™ä½ç½®åœ¨è¿™é‡Œ
  602   3                  // é‚£ä¹ˆå°±æ˜¯ IMU660RA è‡ªæ£€å‡ºé”™å¹¶è¶…æ—¶é€€å‡ºäº†
  603   3                  // æ£€æŸ¥ä¸€ä¸‹æ¥çº¿æœ‰æ²¡æœ‰é—®é¢˜ å¦‚æœæ²¡é—®é¢˜å¯èƒ½å°±æ˜¯åäº†
  604   3            while(1)
  605   3            {
  606   4              printf("imu660ra self check error.\r\n");
  607   4              delay_ms(200);
  608   4            };
  609   3                  return_state = 1;
  610   3                  //break;
  611   3              }
  612   2      
  613   2              imu660ra_write_register(IMU660RA_PWR_CONF, 0x00);                       // å…³é—­é«˜çº§çœç”µæ¨¡å
             -¼
  614   2              delay_ms(10);
  615   2              imu660ra_write_register(IMU660RA_INIT_CTRL, 0x00);                      // å¼€å§‹å¯¹æ¨¡å—è¿›è¡Œå
             -ˆå§‹åŒ–é…ç½®
  616   2              imu660ra_write_registers(IMU660RA_INIT_DATA, imu660ra_config_file, sizeof(imu660ra_config_file));
             -   // è¾“å‡ºé…ç½®æ–‡ä»¶
  617   2              imu660ra_write_register(IMU660RA_INIT_CTRL, 0x01);                      // åˆå§‹åŒ–é…ç½®ç»“æŸ
  618   2              delay_ms(20);
  619   2              if(imu660ra_read_register(IMU660RA_INT_STA) == 0)                       // æ£€æŸ¥æ˜¯å¦é…ç½®å®Œæ
             -ˆ
  620   2              {
  621   3                  // å¦‚æœç¨‹åºåœ¨è¾“å‡ºäº†æ–­è¨€ä¿¡æ¯ å¹¶ä¸”æç¤ºå‡ºé”™ä½ç½®åœ¨è¿™é‡Œ
  622   3                  // é‚£ä¹ˆå°±æ˜¯ IMU660RA é…ç½®åˆå§‹åŒ–æ–‡ä»¶å‡ºé”™äº†
  623   3                  // æ£€æŸ¥ä¸€ä¸‹æ¥çº¿æœ‰æ²¡æœ‰é—®é¢˜ å¦‚æœæ²¡é—®é¢˜å¯èƒ½å°±æ˜¯åäº†
  624   3      //      while(1)
  625   3      //      {
  626   3              printf("imu660ra init error.\r\n");
  627   3      //        delay_ms(200);
  628   3      //      }
  629   3                  return_state = 1;
  630   3                  //break;
  631   3              }
  632   2              imu660ra_write_register(IMU660RA_PWR_CTRL, 0x0E);                       // å¼€å¯æ€§èƒ½æ¨¡å¼  ä½
             -¿èƒ½é™€èºä»ªã€åŠ é€Ÿåº¦ã€æ¸©åº¦ä¼ æ„Ÿå™¨
  633   2              imu660ra_write_register(IMU660RA_ACC_CONF, 0xA7);                       // åŠ é€Ÿåº¦é‡‡é›†é…ç½® 
             -æ€§èƒ½æ¨¡å¼ æ­£å¸¸é‡‡é›† 50Hz  é‡‡æ ·é¢‘ç‡
  634   2              imu660ra_write_register(IMU660RA_GYR_CONF, 0xA9);                       // é™€èºä»ªé‡‡é›†é…ç½® 
             -æ€§èƒ½æ¨¡å¼ æ­£å¸¸é‡‡é›† 200Hz é‡‡æ ·é¢‘ç‡
  635   2          
  636   2              imu660ra_write_register(IMU660RA_ACC_RANGE, IMU660RA_ACC_SAMPLE);       // åŠ é€Ÿåº¦é‡ç¨‹é…ç½® 
             -é…ç½®é‡ç¨‹ä¸º:Â±8g
  637   2          // IMU660RA_ACC_SAMPLE å¯„å­˜å™¨
  638   2              // è®¾ç½®ä¸º:0x00 é™€èºä»ªé‡ç¨‹ä¸º:Â±2000dps     è·å–åˆ°çš„é™€èºä»ªæ•°æ® é™¤ä»¥ 16.4       
             -å¯ä»¥è½¬åŒ–ä¸ºå¸¦ç‰©ç†å•ä½çš„æ•°æ® å•ä½ä¸ºï¼šÂ°/s
  639   2              // è®¾ç½®ä¸º:0x01 é™€èºä»ªé‡ç¨‹ä¸º:Â±1000dps     è·å–åˆ°çš„é™€èºä»ªæ•°æ® é™¤ä»¥ 32.8       
             -å¯ä»¥è½¬åŒ–ä¸ºå¸¦ç‰©ç†å•ä½çš„æ•°æ® å•ä½ä¸ºï¼šÂ°/s
  640   2              // è®¾ç½®ä¸º:0x02 é™€èºä»ªé‡ç¨‹ä¸º:Â±500 dps     è·å–åˆ°çš„é™€èºä»ªæ•°æ® é™¤ä»¥ 65.6       
             -å¯ä»¥è½¬åŒ–ä¸ºå¸¦ç‰©ç†å•ä½çš„æ•°æ® å•ä½ä¸ºï¼šÂ°/s
C251 COMPILER V5.60.0,  SEEKFREE_IMU660RA                                                  04/12/23  16:30:44  PAGE 12  

  641   2              // è®¾ç½®ä¸º:0x03 é™€èºä»ªé‡ç¨‹ä¸º:Â±250 dps     è·å–åˆ°çš„é™€èºä»ªæ•°æ® é™¤ä»¥ 131.2      
             -å¯ä»¥è½¬åŒ–ä¸ºå¸¦ç‰©ç†å•ä½çš„æ•°æ® å•ä½ä¸ºï¼šÂ°/s
  642   2              // è®¾ç½®ä¸º:0x04 é™€èºä»ªé‡ç¨‹ä¸º:Â±125 dps     è·å–åˆ°çš„é™€èºä»ªæ•°æ® é™¤ä»¥ 262.4      
             -å¯ä»¥è½¬åŒ–ä¸ºå¸¦ç‰©ç†å•ä½çš„æ•°æ® å•ä½ä¸ºï¼šÂ°/s
  643   2          
  644   2              imu660ra_write_register(IMU660RA_GYR_RANGE, IMU660RA_GYR_SAMPLE);       // é™€èºä»ªé‡ç¨‹é…ç½® 
             -é…ç½®é‡ç¨‹ä¸º:Â±2000dps
  645   2              // IMU660RA_GYR_RANGE å¯„å­˜å™¨
  646   2              // è®¾ç½®ä¸º:0x00 åŠ é€Ÿåº¦è®¡é‡ç¨‹ä¸º:Â±2g         è·å–åˆ°çš„åŠ é€Ÿåº¦è®¡æ•°æ® é™¤ä»¥ 16384 
             -  å¯ä»¥è½¬åŒ–ä¸ºå¸¦ç‰©ç†å•ä½çš„æ•°æ® å•ä½ï¼šg(m/s^2)
  647   2              // è®¾ç½®ä¸º:0x01 åŠ é€Ÿåº¦è®¡é‡ç¨‹ä¸º:Â±4g         è·å–åˆ°çš„åŠ é€Ÿåº¦è®¡æ•°æ® é™¤ä»¥ 8192  
             -  å¯ä»¥è½¬åŒ–ä¸ºå¸¦ç‰©ç†å•ä½çš„æ•°æ® å•ä½ï¼šg(m/s^2)
  648   2              // è®¾ç½®ä¸º:0x02 åŠ é€Ÿåº¦è®¡é‡ç¨‹ä¸º:Â±8g         è·å–åˆ°çš„åŠ é€Ÿåº¦è®¡æ•°æ® é™¤ä»¥ 4096  
             -  å¯ä»¥è½¬åŒ–ä¸ºå¸¦ç‰©ç†å•ä½çš„æ•°æ® å•ä½ï¼šg(m/s^2)
  649   2              // è®¾ç½®ä¸º:0x03 åŠ é€Ÿåº¦è®¡é‡ç¨‹ä¸º:Â±16g        è·å–åˆ°çš„åŠ é€Ÿåº¦è®¡æ•°æ® é™¤ä»¥ 2048  
             -  å¯ä»¥è½¬åŒ–ä¸ºå¸¦ç‰©ç†å•ä½çš„æ•°æ® å•ä½ï¼šg(m/s^2)
  650   2          
  651   2        }while(0);
  652   1          return return_state;
  653   1      }


Module Information          Static   Overlayable
------------------------------------------------
  code size            =      1354     ------
  ecode size           =    ------     ------
  data size            =    ------     ------
  idata size           =    ------     ------
  pdata size           =    ------     ------
  xdata size           =    ------     ------
  xdata-const size     =    ------     ------
  edata size           =        77     ------
  bit size             =    ------     ------
  ebit size            =    ------     ------
  bitaddressable size  =    ------     ------
  ebitaddressable size =    ------     ------
  far data size        =    ------     ------
  huge data size       =    ------     ------
  const size           =    ------     ------
  hconst size          =        88     ------
End of Module Information.


C251 COMPILATION COMPLETE.  0 WARNING(S),  0 ERROR(S)
