C251 COMPILER V5.60.0,  SEEKFREE_FONT                                                      09/12/23  22:21:25  PAGE 1   


C251 COMPILER V5.60.0, COMPILATION OF MODULE SEEKFREE_FONT
OBJECT MODULE PLACED IN .\Out_File\SEEKFREE_FONT.obj
COMPILER INVOKED BY: C:\keil MCK\C251\BIN\C251.EXE ..\..\Libraries\seekfree_peripheral\SEEKFREE_FONT.c XSMALL INTR2 WARN
                    -INGLEVEL(3) OPTIMIZE(0,SPEED) BROWSE INCDIR(..\..\Libraries\libraries;..\..\Libraries\seekfree_libraries;..\..\Libraries
                    -\seekfree_peripheral;..\CODE;..\USER\inc;..\USER\src) DEBUG PRINT(.\Out_File\SEEKFREE_FONT.lst) TABS(2) OBJECT(.\Out_Fil
                    -e\SEEKFREE_FONT.obj) 

stmt  level    source

    1          /********************************************************************************************************
             -*************
    2           * COPYRIGHT NOTICE
    3           * Copyright (c) 2018,逐飞科技
    4           * All rights reserved.
    5           * 技术讨论QQ群：一群：179029047(已满)  二群：244861897
    6           *
    7           * 以下所有内容版权均属逐飞科技所有，未经允许不得用于商业用途，
    8           * 欢迎各位使用并传播本程序，修改内容时必须保留逐飞科技的版权声明。
    9           *
   10           * @file          字体文件
   11           * @company       成都逐飞科技有限公司
   12           * @author        逐飞科技(QQ3184284598)
   13           * @version       查看doc内version文件 版本说明
   14           * @Software    MDK FOR C251 V5.60
   15           * @Target core   STC32G12K128
   16           * @Taobao      https://seekfree.taobao.com/
   17           * @date          2018-05-24
   18           ********************************************************************************************************
             -************/
   19          
   20          
   21          #include "SEEKFREE_FONT.h"
   22          
   23          
   24          
   25          
   26          
   27          
   28          const uint8 code oled_6x8[][6] =
   29          {
   30            { 0x00, 0x00, 0x00, 0x00, 0x00, 0x00 },   // sp
   31            { 0x00, 0x00, 0x00, 0x2f, 0x00, 0x00 },   // !
   32            { 0x00, 0x00, 0x07, 0x00, 0x07, 0x00 },   // "
   33            { 0x00, 0x14, 0x7f, 0x14, 0x7f, 0x14 },   // #
   34            { 0x00, 0x24, 0x2a, 0x7f, 0x2a, 0x12 },   // $
   35            { 0x00, 0x62, 0x64, 0x08, 0x13, 0x23 },   // %
   36            { 0x00, 0x36, 0x49, 0x55, 0x22, 0x50 },   // &
   37            { 0x00, 0x00, 0x05, 0x03, 0x00, 0x00 },   // '
   38            { 0x00, 0x00, 0x1c, 0x22, 0x41, 0x00 },   // (
   39            { 0x00, 0x00, 0x41, 0x22, 0x1c, 0x00 },   // )
   40            { 0x00, 0x14, 0x08, 0x3E, 0x08, 0x14 },   // *
   41            { 0x00, 0x08, 0x08, 0x3E, 0x08, 0x08 },   // +
   42            { 0x00, 0x00, 0x00, 0xA0, 0x60, 0x00 },   // ,
   43            { 0x00, 0x08, 0x08, 0x08, 0x08, 0x08 },   // -
   44            { 0x00, 0x00, 0x60, 0x60, 0x00, 0x00 },   // .
   45            { 0x00, 0x20, 0x10, 0x08, 0x04, 0x02 },   // /
   46            { 0x00, 0x3E, 0x51, 0x49, 0x45, 0x3E },   // 0
   47            { 0x00, 0x00, 0x42, 0x7F, 0x40, 0x00 },   // 1
   48            { 0x00, 0x42, 0x61, 0x51, 0x49, 0x46 },   // 2
   49            { 0x00, 0x21, 0x41, 0x45, 0x4B, 0x31 },   // 3
   50            { 0x00, 0x18, 0x14, 0x12, 0x7F, 0x10 },   // 4
   51            { 0x00, 0x27, 0x45, 0x45, 0x45, 0x39 },   // 5
   52            { 0x00, 0x3C, 0x4A, 0x49, 0x49, 0x30 },   // 6
   53            { 0x00, 0x01, 0x71, 0x09, 0x05, 0x03 },   // 7
   54            { 0x00, 0x36, 0x49, 0x49, 0x49, 0x36 },   // 8
C251 COMPILER V5.60.0,  SEEKFREE_FONT                                                      09/12/23  22:21:25  PAGE 2   

   55            { 0x00, 0x06, 0x49, 0x49, 0x29, 0x1E },   // 9
   56            { 0x00, 0x00, 0x36, 0x36, 0x00, 0x00 },   // :
   57            { 0x00, 0x00, 0x56, 0x36, 0x00, 0x00 },   // ;
   58            { 0x00, 0x08, 0x14, 0x22, 0x41, 0x00 },   // <
   59            { 0x00, 0x14, 0x14, 0x14, 0x14, 0x14 },   // =
   60            { 0x00, 0x00, 0x41, 0x22, 0x14, 0x08 },   // >
   61            { 0x00, 0x02, 0x01, 0x51, 0x09, 0x06 },   // ?
   62            { 0x00, 0x32, 0x49, 0x59, 0x51, 0x3E },   // @
   63            { 0x00, 0x7C, 0x12, 0x11, 0x12, 0x7C },   // A
   64            { 0x00, 0x7F, 0x49, 0x49, 0x49, 0x36 },   // B
   65            { 0x00, 0x3E, 0x41, 0x41, 0x41, 0x22 },   // C
   66            { 0x00, 0x7F, 0x41, 0x41, 0x22, 0x1C },   // D
   67            { 0x00, 0x7F, 0x49, 0x49, 0x49, 0x41 },   // E
   68            { 0x00, 0x7F, 0x09, 0x09, 0x09, 0x01 },   // F
   69            { 0x00, 0x3E, 0x41, 0x49, 0x49, 0x7A },   // G
   70            { 0x00, 0x7F, 0x08, 0x08, 0x08, 0x7F },   // H
   71            { 0x00, 0x00, 0x41, 0x7F, 0x41, 0x00 },   // I
   72            { 0x00, 0x20, 0x40, 0x41, 0x3F, 0x01 },   // J
   73            { 0x00, 0x7F, 0x08, 0x14, 0x22, 0x41 },   // K
   74            { 0x00, 0x7F, 0x40, 0x40, 0x40, 0x40 },   // L
   75            { 0x00, 0x7F, 0x02, 0x0C, 0x02, 0x7F },   // M
   76            { 0x00, 0x7F, 0x04, 0x08, 0x10, 0x7F },   // N
   77            { 0x00, 0x3E, 0x41, 0x41, 0x41, 0x3E },   // O
   78            { 0x00, 0x7F, 0x09, 0x09, 0x09, 0x06 },   // P
   79            { 0x00, 0x3E, 0x41, 0x51, 0x21, 0x5E },   // Q
   80            { 0x00, 0x7F, 0x09, 0x19, 0x29, 0x46 },   // R
   81            { 0x00, 0x46, 0x49, 0x49, 0x49, 0x31 },   // S
   82            { 0x00, 0x01, 0x01, 0x7F, 0x01, 0x01 },   // T
   83            { 0x00, 0x3F, 0x40, 0x40, 0x40, 0x3F },   // U
   84            { 0x00, 0x1F, 0x20, 0x40, 0x20, 0x1F },   // V
   85            { 0x00, 0x3F, 0x40, 0x38, 0x40, 0x3F },   // W
   86            { 0x00, 0x63, 0x14, 0x08, 0x14, 0x63 },   // X
   87            { 0x00, 0x07, 0x08, 0x70, 0x08, 0x07 },   // Y
   88            { 0x00, 0x61, 0x51, 0x49, 0x45, 0x43 },   // Z
   89            { 0x00, 0x00, 0x7F, 0x41, 0x41, 0x00 },   // [
   90            { 0x00, 0x55, 0x2A, 0x55, 0x2A, 0x55 },   // 55
   91            { 0x00, 0x00, 0x41, 0x41, 0x7F, 0x00 },   // ]
   92            { 0x00, 0x04, 0x02, 0x01, 0x02, 0x04 },   // ^
   93            { 0x00, 0x40, 0x40, 0x40, 0x40, 0x40 },   // _
   94            { 0x00, 0x00, 0x01, 0x02, 0x04, 0x00 },   // '
   95            { 0x00, 0x20, 0x54, 0x54, 0x54, 0x78 },   // a
   96            { 0x00, 0x7F, 0x48, 0x44, 0x44, 0x38 },   // b
   97            { 0x00, 0x38, 0x44, 0x44, 0x44, 0x20 },   // c
   98            { 0x00, 0x38, 0x44, 0x44, 0x48, 0x7F },   // d
   99            { 0x00, 0x38, 0x54, 0x54, 0x54, 0x18 },   // e
  100            { 0x00, 0x08, 0x7E, 0x09, 0x01, 0x02 },   // f
  101            { 0x00, 0x18, 0xA4, 0xA4, 0xA4, 0x7C },   // g
  102            { 0x00, 0x7F, 0x08, 0x04, 0x04, 0x78 },   // h
  103            { 0x00, 0x00, 0x44, 0x7D, 0x40, 0x00 },   // i
  104            { 0x00, 0x40, 0x80, 0x84, 0x7D, 0x00 },   // j
  105            { 0x00, 0x7F, 0x10, 0x28, 0x44, 0x00 },   // k
  106            { 0x00, 0x00, 0x41, 0x7F, 0x40, 0x00 },   // l
  107            { 0x00, 0x7C, 0x04, 0x18, 0x04, 0x78 },   // m
  108            { 0x00, 0x7C, 0x08, 0x04, 0x04, 0x78 },   // n
  109            { 0x00, 0x38, 0x44, 0x44, 0x44, 0x38 },   // o
  110            { 0x00, 0xFC, 0x24, 0x24, 0x24, 0x18 },   // p
  111            { 0x00, 0x18, 0x24, 0x24, 0x18, 0xFC },   // q
  112            { 0x00, 0x7C, 0x08, 0x04, 0x04, 0x08 },   // r
  113            { 0x00, 0x48, 0x54, 0x54, 0x54, 0x20 },   // s
  114            { 0x00, 0x04, 0x3F, 0x44, 0x40, 0x20 },   // t
  115            { 0x00, 0x3C, 0x40, 0x40, 0x20, 0x7C },   // u
  116            { 0x00, 0x1C, 0x20, 0x40, 0x20, 0x1C },   // v
  117            { 0x00, 0x3C, 0x40, 0x30, 0x40, 0x3C },   // w
  118            { 0x00, 0x44, 0x28, 0x10, 0x28, 0x44 },   // x
  119            { 0x00, 0x1C, 0xA0, 0xA0, 0xA0, 0x7C },   // y
  120            { 0x00, 0x44, 0x64, 0x54, 0x4C, 0x44 },   // z
C251 COMPILER V5.60.0,  SEEKFREE_FONT                                                      09/12/23  22:21:25  PAGE 3   

  121            { 0x14, 0x14, 0x14, 0x14, 0x14, 0x14 }    // horiz lines
  122          };
  123          
  124          
  125          
  126          


Module Information          Static   Overlayable
------------------------------------------------
  code size            =       552     ------
  ecode size           =    ------     ------
  data size            =    ------     ------
  idata size           =    ------     ------
  pdata size           =    ------     ------
  xdata size           =    ------     ------
  xdata-const size     =    ------     ------
  edata size           =    ------     ------
  bit size             =    ------     ------
  ebit size            =    ------     ------
  bitaddressable size  =    ------     ------
  ebitaddressable size =    ------     ------
  far data size        =    ------     ------
  huge data size       =    ------     ------
  const size           =    ------     ------
  hconst size          =    ------     ------
End of Module Information.


C251 COMPILATION COMPLETE.  0 WARNING(S),  0 ERROR(S)
